2023-12-08 00:19:15 - fighters_list [ERROR] Failed to scrape row
Traceback (most recent call last):
  File "/home/woitek/repos/mma_project/ufcstats_scraper/ufcstats_scraper/scrapers/fighters_list.py", line 213, in scrape
    fighter = FightersListScraper.scrape_row(row)
              ^^^^^^^^^^^^^^^^^^^^^^^^^^^^^^^^^^^
  File "/home/woitek/repos/mma_project/ufcstats_scraper/ufcstats_scraper/scrapers/fighters_list.py", line 173, in scrape_row
    raise MissingHTMLElementError("Row columns (td)")
ufcstats_scraper.scrapers.exceptions.MissingHTMLElementError: Failed to find necessary HTML element(s): Row columns (td)
2023-12-08 00:19:19 - fighters_list [ERROR] Failed to scrape row
Traceback (most recent call last):
  File "/home/woitek/repos/mma_project/ufcstats_scraper/ufcstats_scraper/scrapers/fighters_list.py", line 213, in scrape
    fighter = FightersListScraper.scrape_row(row)
              ^^^^^^^^^^^^^^^^^^^^^^^^^^^^^^^^^^^
  File "/home/woitek/repos/mma_project/ufcstats_scraper/ufcstats_scraper/scrapers/fighters_list.py", line 173, in scrape_row
    raise MissingHTMLElementError("Row columns (td)")
ufcstats_scraper.scrapers.exceptions.MissingHTMLElementError: Failed to find necessary HTML element(s): Row columns (td)
2023-12-08 00:19:22 - fighters_list [ERROR] Failed to scrape row
Traceback (most recent call last):
  File "/home/woitek/repos/mma_project/ufcstats_scraper/ufcstats_scraper/scrapers/fighters_list.py", line 213, in scrape
    fighter = FightersListScraper.scrape_row(row)
              ^^^^^^^^^^^^^^^^^^^^^^^^^^^^^^^^^^^
  File "/home/woitek/repos/mma_project/ufcstats_scraper/ufcstats_scraper/scrapers/fighters_list.py", line 173, in scrape_row
    raise MissingHTMLElementError("Row columns (td)")
ufcstats_scraper.scrapers.exceptions.MissingHTMLElementError: Failed to find necessary HTML element(s): Row columns (td)
